<?xml version="1.0" encoding="UTF-8"?>
<!-- Generated by org.testng.reporters.JUnitReportReporter -->
<testsuite hostname="Kunals-MacBook-Pro.local" failures="0" tests="1" name="org.kunalchavan.androidTest.TotalPriceTestCase" time="31.758" errors="0" timestamp="2025-07-06T18:58:01 IST" skipped="0">
  <testcase classname="org.kunalchavan.androidTest.TotalPriceTestCase" name="totalPrice" time="31.758"/>
</testsuite> <!-- org.kunalchavan.androidTest.TotalPriceTestCase -->
