<?xml version="1.0" encoding="UTF-8"?>
<!-- Generated by org.testng.reporters.JUnitReportReporter -->
<testsuite hostname="Kunals-MacBook-Pro.local" failures="0" tests="1" name="org.kunalchavan.TotalPriceTestCase" time="15.548" errors="0" timestamp="2025-07-05T18:01:17 IST" skipped="0">
  <testcase classname="org.kunalchavan.TotalPriceTestCase" name="totalPrice" time="15.548"/>
</testsuite> <!-- org.kunalchavan.TotalPriceTestCase -->
