<?xml version="1.0" encoding="UTF-8"?>
<!-- Generated by org.testng.reporters.JUnitReportReporter -->
<testsuite hostname="Kunals-MacBook-Pro.local" failures="0" tests="3" name="org.kunalchavan.androidTest.TotalPriceTestCase" time="54.729" errors="0" timestamp="2025-07-06T14:48:25 IST" skipped="0">
  <testcase classname="org.kunalchavan.androidTest.TotalPriceTestCase" name="toastMessage" time="7.177"/>
  <testcase classname="org.kunalchavan.androidTest.TotalPriceTestCase" name="totalPrice" time="27.157"/>
  <testcase classname="org.kunalchavan.androidTest.TotalPriceTestCase" name="toastMessage" time="20.395"/>
</testsuite> <!-- org.kunalchavan.androidTest.TotalPriceTestCase -->
