<?xml version="1.0" encoding="UTF-8"?>
<!-- Generated by org.testng.reporters.JUnitReportReporter -->
<testsuite hostname="Kunals-MacBook-Pro.local" failures="0" tests="1" name="org.kunalchavan.iosTest.IOSAlert" time="5.978" errors="0" timestamp="2025-07-05T19:22:26 IST" skipped="0">
  <testcase classname="org.kunalchavan.iosTest.IOSAlert" name="iOSBasic" time="5.978"/>
</testsuite> <!-- org.kunalchavan.iosTest.IOSAlert -->
