<?xml version="1.0" encoding="UTF-8"?>
<!-- Generated by org.testng.reporters.JUnitReportReporter -->
<testsuite hostname="Kunals-MacBook-Pro.local" failures="0" tests="1" name="org.kunalchavan.iostest.IOSAlert" time="6.082" errors="0" timestamp="2025-07-20T13:56:59 IST" skipped="0">
  <testcase classname="org.kunalchavan.iostest.IOSAlert" name="iOSBasic" time="6.082"/>
</testsuite> <!-- org.kunalchavan.iostest.IOSAlert -->
