<?xml version="1.0" encoding="UTF-8"?>
<!-- Generated by org.testng.reporters.JUnitReportReporter -->
<testsuite hostname="Kunals-MacBook-Pro.local" failures="0" tests="1" name="org.kunalchavan.iosTest.IOSAlert" time="6.014" errors="0" timestamp="2025-07-06T15:20:04 IST" skipped="0">
  <testcase classname="org.kunalchavan.iosTest.IOSAlert" name="iOSBasic" time="6.014"/>
</testsuite> <!-- org.kunalchavan.iosTest.IOSAlert -->
