<?xml version="1.0" encoding="UTF-8"?>
<!-- Generated by org.testng.reporters.JUnitReportReporter -->
<testsuite hostname="Kunals-MacBook-Pro.local" failures="0" tests="1" name="org.kunalchavan.TotalPriceTestCase" time="11.709" errors="0" timestamp="2025-07-05T16:09:13 IST" skipped="0">
  <testcase classname="org.kunalchavan.TotalPriceTestCase" name="totalPrice" time="11.709"/>
</testsuite> <!-- org.kunalchavan.TotalPriceTestCase -->
