<?xml version="1.0" encoding="UTF-8"?>
<!-- Generated by org.testng.reporters.JUnitReportReporter -->
<testsuite hostname="Kunals-MacBook-Pro.local" failures="0" tests="2" name="org.kunalchavan.androidTest.TotalPriceTestCase" time="18.255" errors="0" timestamp="2025-07-06T12:30:14 IST" skipped="0">
  <testcase classname="org.kunalchavan.androidTest.TotalPriceTestCase" name="toastMessage" time="7.333"/>
  <testcase classname="org.kunalchavan.androidTest.TotalPriceTestCase" name="totalPrice" time="10.922"/>
</testsuite> <!-- org.kunalchavan.androidTest.TotalPriceTestCase -->
