<?xml version="1.0" encoding="UTF-8"?>
<!-- Generated by org.testng.reporters.JUnitReportReporter -->
<testsuite hostname="Kunals-MacBook-Pro.local" failures="0" tests="1" name="org.kunalchavan.androidTest.TotalPriceTestCase" time="15.015" errors="0" timestamp="2025-07-06T10:41:13 IST" skipped="0">
  <testcase classname="org.kunalchavan.androidTest.TotalPriceTestCase" name="totalPrice" time="15.015"/>
</testsuite> <!-- org.kunalchavan.androidTest.TotalPriceTestCase -->
