<?xml version="1.0" encoding="UTF-8"?>
<!-- Generated by org.testng.reporters.JUnitReportReporter -->
<testsuite hostname="Kunals-MacBook-Pro.local" failures="0" tests="1" name="org.kunalchavan.androidtest.TotalPriceTestCase" time="31.861" errors="0" timestamp="2025-07-20T13:54:28 IST" skipped="0">
  <testcase classname="org.kunalchavan.androidtest.TotalPriceTestCase" name="totalPrice" time="31.861"/>
</testsuite> <!-- org.kunalchavan.androidtest.TotalPriceTestCase -->
