<?xml version="1.0" encoding="UTF-8"?>
<!-- Generated by org.testng.reporters.JUnitReportReporter -->
<testsuite hostname="Kunals-MacBook-Pro.local" failures="0" tests="1" name="org.kunalchavan.androidTest.TotalPriceTestCase" time="32.021" errors="0" timestamp="2025-07-09T14:29:35 IST" skipped="0">
  <testcase classname="org.kunalchavan.androidTest.TotalPriceTestCase" name="totalPrice" time="32.021"/>
</testsuite> <!-- org.kunalchavan.androidTest.TotalPriceTestCase -->
