<?xml version="1.0" encoding="UTF-8"?>
<!-- Generated by org.testng.reporters.JUnitReportReporter -->
<testsuite hostname="Kunals-MacBook-Pro.local" failures="0" tests="3" name="org.kunalchavan.androidTest.TotalPriceTestCase" time="50.900" errors="0" timestamp="2025-07-06T15:29:59 IST" skipped="0">
  <testcase classname="org.kunalchavan.androidTest.TotalPriceTestCase" name="toastMessage" time="10.772"/>
  <testcase classname="org.kunalchavan.androidTest.TotalPriceTestCase" name="totalPrice" time="32.925"/>
  <testcase classname="org.kunalchavan.androidTest.TotalPriceTestCase" name="toastMessage" time="7.203"/>
</testsuite> <!-- org.kunalchavan.androidTest.TotalPriceTestCase -->
